#
# There is insufficient memory for the Java Runtime Environment to continue.
# Native memory allocation (mmap) failed to map 312475648 bytes for G1 virtual space
# Possible reasons:
#   The system is out of physical RAM or swap space
#   The process is running with CompressedOops enabled, and the Java Heap may be blocking the growth of the native heap
# Possible solutions:
#   Reduce memory load on the system
#   Increase physical memory or swap space
#   Check if swap backing store is full
#   Decrease Java heap size (-Xmx/-Xms)
#   Decrease number of Java threads
#   Decrease Java thread stack sizes (-Xss)
#   Set larger code cache with -XX:ReservedCodeCacheSize=
#   JVM is running with Unscaled Compressed Oops mode in which the Java heap is
#     placed in the first 4GB address space. The Java Heap base address is the
#     maximum limit for the native heap growth. Please use -XX:HeapBaseMinAddress
#     to set the Java Heap base and to place the Java Heap above 4GB virtual address.
# This output file may be truncated or incomplete.
#
#  Out of Memory Error (os_windows.cpp:3541), pid=8036, tid=3792
#
# JRE version: OpenJDK Runtime Environment Temurin-17.0.4+8 (17.0.4+8) (build 17.0.4+8)
# Java VM: OpenJDK 64-Bit Server VM Temurin-17.0.4+8 (17.0.4+8, mixed mode, emulated-client, tiered, compressed oops, compressed class ptrs, g1 gc, windows-amd64)
# No core dump will be written. Minidumps are not enabled by default on client versions of Windows
#

---------------  S U M M A R Y ------------

Command Line: -Dcom.sun.management.jmxremote -Dcom.sun.management.jmxremote.port=64883 -Dcom.sun.management.jmxremote.authenticate=false -Dcom.sun.management.jmxremote.ssl=false -Djava.rmi.server.hostname=localhost -Dspring.jmx.enabled=true -Dspring.application.admin.enabled=true -XX:TieredStopAtLevel=1 -Dspring.boot.project.name=crypto-trade -Dfile.encoding=UTF-8 -XX:+ShowCodeDetailsInExceptionMessages cryptoTrade.CryptoTradeApplication --spring.output.ansi.enabled=always

Host: Intel(R) Core(TM) i5-4200U CPU @ 1.60GHz, 4 cores, 7G,  Windows 10 , 64 bit Build 19041 (10.0.19041.1889)
Time: Wed Sep  7 17:18:47 2022 Central Europe Daylight Time elapsed time: 39.337854 seconds (0d 0h 0m 39s)

---------------  T H R E A D  ---------------

Current thread (0x00000188eecb7850):  VMThread "VM Thread" [stack: 0x00000045ef000000,0x00000045ef100000] [id=3792]

Stack: [0x00000045ef000000,0x00000045ef100000]
Native frames: (J=compiled Java code, j=interpreted, Vv=VM code, C=native code)
V  [jvm.dll+0x67733a]
V  [jvm.dll+0x8323c4]
V  [jvm.dll+0x833b6e]
V  [jvm.dll+0x8341d3]
V  [jvm.dll+0x2455e5]
V  [jvm.dll+0x674229]
V  [jvm.dll+0x668ab2]
V  [jvm.dll+0x30458b]
V  [jvm.dll+0x30bad6]
V  [jvm.dll+0x35ba7e]
V  [jvm.dll+0x35bcaf]
V  [jvm.dll+0x2db428]
V  [jvm.dll+0x2d96dc]
V  [jvm.dll+0x2d8cac]
V  [jvm.dll+0x31cc0b]
V  [jvm.dll+0x83867b]
V  [jvm.dll+0x8393b4]
V  [jvm.dll+0x8398cc]
V  [jvm.dll+0x839ca4]
V  [jvm.dll+0x839d70]
V  [jvm.dll+0x7e245a]
V  [jvm.dll+0x6761c5]
C  [ucrtbase.dll+0x21bb2]
C  [KERNEL32.DLL+0x17034]
C  [ntdll.dll+0x52651]

VM_Operation (0x00000045f07fc0a0): G1CollectForAllocation, mode: safepoint, requested by thread 0x00000188f129ad50


---------------  P R O C E S S  ---------------

Threads class SMR info:
_java_thread_list=0x00000188f4b4c760, length=28, elements={
0x00000188df86fcf0, 0x00000188eed33260, 0x00000188eed34af0, 0x00000188eecff230,
0x00000188eecffaf0, 0x00000188eed004a0, 0x00000188eed00e50, 0x00000188eed018b0,
0x00000188ef8516d0, 0x00000188efa38940, 0x00000188efa39790, 0x00000188efa91e10,
0x00000188f02e0dd0, 0x00000188f03a85a0, 0x00000188f03a5d50, 0x00000188f1299300,
0x00000188f129ad50, 0x00000188f1382cb0, 0x00000188f13d8040, 0x00000188f1428960,
0x00000188f14297d0, 0x00000188f1429300, 0x00000188f1427150, 0x00000188f1427620,
0x00000188f14267b0, 0x00000188f1429ca0, 0x00000188f142a170, 0x00000188f1427af0
}

Java Threads: ( => current thread )
  0x00000188df86fcf0 JavaThread "main" [_thread_blocked, id=9804, stack(0x00000045eea00000,0x00000045eeb00000)]
  0x00000188eed33260 JavaThread "Reference Handler" daemon [_thread_blocked, id=16812, stack(0x00000045ef100000,0x00000045ef200000)]
  0x00000188eed34af0 JavaThread "Finalizer" daemon [_thread_blocked, id=10020, stack(0x00000045ef200000,0x00000045ef300000)]
  0x00000188eecff230 JavaThread "Signal Dispatcher" daemon [_thread_blocked, id=8084, stack(0x00000045ef300000,0x00000045ef400000)]
  0x00000188eecffaf0 JavaThread "Attach Listener" daemon [_thread_blocked, id=11140, stack(0x00000045ef400000,0x00000045ef500000)]
  0x00000188eed004a0 JavaThread "Service Thread" daemon [_thread_blocked, id=7640, stack(0x00000045ef500000,0x00000045ef600000)]
  0x00000188eed00e50 JavaThread "Monitor Deflation Thread" daemon [_thread_blocked, id=15908, stack(0x00000045ef600000,0x00000045ef700000)]
  0x00000188eed018b0 JavaThread "C1 CompilerThread0" daemon [_thread_blocked, id=19408, stack(0x00000045ef700000,0x00000045ef800000)]
  0x00000188ef8516d0 JavaThread "Sweeper thread" daemon [_thread_blocked, id=528, stack(0x00000045ef800000,0x00000045ef900000)]
  0x00000188efa38940 JavaThread "Common-Cleaner" daemon [_thread_blocked, id=9228, stack(0x00000045ef900000,0x00000045efa00000)]
  0x00000188efa39790 JavaThread "C1 CompilerThread1" daemon [_thread_blocked, id=17076, stack(0x00000045efa00000,0x00000045efb00000)]
  0x00000188efa91e10 JavaThread "Notification Thread" daemon [_thread_blocked, id=19968, stack(0x00000045efc00000,0x00000045efd00000)]
  0x00000188f02e0dd0 JavaThread "RMI TCP Accept-0" daemon [_thread_in_native, id=4260, stack(0x00000045f0200000,0x00000045f0300000)]
  0x00000188f03a85a0 JavaThread "RMI TCP Accept-64883" daemon [_thread_in_native, id=5264, stack(0x00000045f0300000,0x00000045f0400000)]
  0x00000188f03a5d50 JavaThread "RMI TCP Accept-0" daemon [_thread_in_native, id=21352, stack(0x00000045f0400000,0x00000045f0500000)]
  0x00000188f1299300 JavaThread "Thread-0" [_thread_blocked, id=8984, stack(0x00000045f0600000,0x00000045f0700000)]
  0x00000188f129ad50 JavaThread "restartedMain" [_thread_blocked, id=16768, stack(0x00000045f0700000,0x00000045f0800000)]
  0x00000188f1382cb0 JavaThread "RMI TCP Connection(1)-127.0.0.1" daemon [_thread_in_native, id=17572, stack(0x00000045f0800000,0x00000045f0900000)]
  0x00000188f13d8040 JavaThread "RMI Scheduler(0)" daemon [_thread_blocked, id=13236, stack(0x00000045f0900000,0x00000045f0a00000)]
  0x00000188f1428960 JavaThread "RMI TCP Connection(idle)" daemon [_thread_blocked, id=11516, stack(0x00000045f0b00000,0x00000045f0c00000)]
  0x00000188f14297d0 JavaThread "RMI TCP Connection(3)-127.0.0.1" daemon [_thread_in_native, id=1228, stack(0x00000045f0c00000,0x00000045f0d00000)]
  0x00000188f1429300 JavaThread "JMX server connection timeout 26" daemon [_thread_blocked, id=11436, stack(0x00000045f0d00000,0x00000045f0e00000)]
  0x00000188f1427150 JavaThread "RMI TCP Connection(5)-127.0.0.1" daemon [_thread_in_native, id=11132, stack(0x00000045efb00000,0x00000045efc00000)]
  0x00000188f1427620 JavaThread "HikariPool-1 housekeeper" daemon [_thread_blocked, id=19344, stack(0x00000045f1000000,0x00000045f1100000)]
  0x00000188f14267b0 JavaThread "spring.cloud.inetutils" daemon [_thread_blocked, id=17796, stack(0x00000045f1200000,0x00000045f1300000)]
  0x00000188f1429ca0 JavaThread "Catalina-utility-1" [_thread_blocked, id=9468, stack(0x00000045f0f00000,0x00000045f1000000)]
  0x00000188f142a170 JavaThread "Catalina-utility-2" [_thread_blocked, id=10768, stack(0x00000045f1100000,0x00000045f1200000)]
  0x00000188f1427af0 JavaThread "container-0" [_thread_blocked, id=15104, stack(0x00000045f1300000,0x00000045f1400000)]

Other Threads:
=>0x00000188eecb7850 VMThread "VM Thread" [stack: 0x00000045ef000000,0x00000045ef100000] [id=3792]
  0x00000188f025c090 WatcherThread [stack: 0x00000045f0500000,0x00000045f0600000] [id=17484]
  0x00000188df8cd210 GCTaskThread "GC Thread#0" [stack: 0x00000045eeb00000,0x00000045eec00000] [id=20972]
  0x00000188f02d9810 GCTaskThread "GC Thread#1" [stack: 0x00000045efd00000,0x00000045efe00000] [id=3932]
  0x00000188f02d9ac0 GCTaskThread "GC Thread#2" [stack: 0x00000045efe00000,0x00000045eff00000] [id=15876]
  0x00000188f02eb2c0 GCTaskThread "GC Thread#3" [stack: 0x00000045eff00000,0x00000045f0000000] [id=3668]
  0x00000188df8dddd0 ConcurrentGCThread "G1 Main Marker" [stack: 0x00000045eec00000,0x00000045eed00000] [id=14656]
  0x00000188df8de7e0 ConcurrentGCThread "G1 Conc#0" [stack: 0x00000045eed00000,0x00000045eee00000] [id=12000]
  0x00000188df92e1e0 ConcurrentGCThread "G1 Refine#0" [stack: 0x00000045eee00000,0x00000045eef00000] [id=9972]
  0x00000188f02eb570 ConcurrentGCThread "G1 Refine#1" [stack: 0x00000045f0000000,0x00000045f0100000] [id=15036]
  0x00000188efb18490 ConcurrentGCThread "G1 Refine#2" [stack: 0x00000045f0100000,0x00000045f0200000] [id=1764]
  0x00000188df92ec00 ConcurrentGCThread "G1 Service" [stack: 0x00000045eef00000,0x00000045ef000000] [id=3924]

Threads with active compile tasks:

VM state: at safepoint (normal execution)

VM Mutex/Monitor currently owned by a thread:  ([mutex/lock_event])
[0x00000188df86b590] Threads_lock - owner thread: 0x00000188eecb7850
[0x00000188df86b080] Heap_lock - owner thread: 0x00000188f129ad50

Heap address: 0x0000000081c00000, size: 2020 MB, Compressed Oops mode: 32-bit

CDS archive(s) not mapped
Compressed class space mapped at: 0x0000000100000000-0x0000000140000000, reserved size: 1073741824
Narrow klass base: 0x0000000000000000, Narrow klass shift: 3, Narrow klass range: 0x140000000

GC Precious Log:
 CPUs: 4 total, 4 available
 Memory: 8073M
 Large Page Support: Disabled
 NUMA Support: Disabled
 Compressed Oops: Enabled (32-bit)
 Heap Region Size: 1M
 Heap Min Capacity: 8M
 Heap Initial Capacity: 128M
 Heap Max Capacity: 2020M
 Pre-touch: Disabled
 Parallel Workers: 4
 Concurrent Workers: 1
 Concurrent Refinement Workers: 4
 Periodic GC: Disabled

Heap:
 garbage-first heap   total 152576K, used 56397K [0x0000000081c00000, 0x0000000100000000)
  region size 1024K, 3 young (3072K), 3 survivors (3072K)
 Metaspace       used 79541K, committed 80064K, reserved 1122304K
  class space    used 10922K, committed 11136K, reserved 1048576K

Heap Regions: E=young(eden), S=young(survivor), O=old, HS=humongous(starts), HC=humongous(continues), CS=collection set, F=free, OA=open archive, CA=closed archive, TAMS=top-at-mark-start (previous, next)
|   0|0x0000000081c00000, 0x0000000081d00000, 0x0000000081d00000|100%|HS|  |TAMS 0x0000000081d00000, 0x0000000081d00000| Complete 
|   1|0x0000000081d00000, 0x0000000081e00000, 0x0000000081e00000|100%| O|  |TAMS 0x0000000081e00000, 0x0000000081e00000| Untracked 
|   2|0x0000000081e00000, 0x0000000081f00000, 0x0000000081f00000|100%| O|  |TAMS 0x0000000081f00000, 0x0000000081f00000| Untracked 
|   3|0x0000000081f00000, 0x0000000082000000, 0x0000000082000000|100%| O|  |TAMS 0x0000000082000000, 0x0000000082000000| Untracked 
|   4|0x0000000082000000, 0x0000000082100000, 0x0000000082100000|100%| O|  |TAMS 0x0000000082100000, 0x0000000082100000| Untracked 
|   5|0x0000000082100000, 0x0000000082200000, 0x0000000082200000|100%| O|  |TAMS 0x0000000082200000, 0x0000000082200000| Untracked 
|   6|0x0000000082200000, 0x0000000082300000, 0x0000000082300000|100%| O|  |TAMS 0x0000000082300000, 0x0000000082300000| Untracked 
|   7|0x0000000082300000, 0x0000000082400000, 0x0000000082400000|100%| O|  |TAMS 0x0000000082400000, 0x0000000082400000| Untracked 
|   8|0x0000000082400000, 0x0000000082500000, 0x0000000082500000|100%| O|  |TAMS 0x0000000082500000, 0x0000000082500000| Untracked 
|   9|0x0000000082500000, 0x0000000082600000, 0x0000000082600000|100%| O|  |TAMS 0x0000000082600000, 0x0000000082600000| Untracked 
|  10|0x0000000082600000, 0x0000000082700000, 0x0000000082700000|100%| O|  |TAMS 0x0000000082700000, 0x0000000082700000| Untracked 
|  11|0x0000000082700000, 0x0000000082800000, 0x0000000082800000|100%| O|  |TAMS 0x0000000082800000, 0x0000000082800000| Untracked 
|  12|0x0000000082800000, 0x0000000082900000, 0x0000000082900000|100%| O|  |TAMS 0x0000000082900000, 0x0000000082900000| Untracked 
|  13|0x0000000082900000, 0x0000000082a00000, 0x0000000082a00000|100%| O|  |TAMS 0x0000000082a00000, 0x0000000082a00000| Untracked 
|  14|0x0000000082a00000, 0x0000000082b00000, 0x0000000082b00000|100%| O|  |TAMS 0x0000000082b00000, 0x0000000082b00000| Untracked 
|  15|0x0000000082b00000, 0x0000000082c00000, 0x0000000082c00000|100%| O|  |TAMS 0x0000000082b00000, 0x0000000082c00000| Untracked 
|  16|0x0000000082c00000, 0x0000000082d00000, 0x0000000082d00000|100%| O|  |TAMS 0x0000000082d00000, 0x0000000082d00000| Untracked 
|  17|0x0000000082d00000, 0x0000000082d00000, 0x0000000082e00000|  0%| F|  |TAMS 0x0000000082d00000, 0x0000000082d00000| Untracked 
|  18|0x0000000082e00000, 0x0000000082f00000, 0x0000000082f00000|100%| O|  |TAMS 0x0000000082f00000, 0x0000000082f00000| Untracked 
|  19|0x0000000082f00000, 0x0000000083000000, 0x0000000083000000|100%| O|  |TAMS 0x0000000083000000, 0x0000000083000000| Untracked 
|  20|0x0000000083000000, 0x0000000083100000, 0x0000000083100000|100%| O|  |TAMS 0x0000000083100000, 0x0000000083100000| Untracked 
|  21|0x0000000083100000, 0x0000000083200000, 0x0000000083200000|100%| O|  |TAMS 0x0000000083200000, 0x0000000083200000| Untracked 
|  22|0x0000000083200000, 0x0000000083300000, 0x0000000083300000|100%| O|  |TAMS 0x0000000083300000, 0x0000000083300000| Untracked 
|  23|0x0000000083300000, 0x0000000083400000, 0x0000000083400000|100%| O|  |TAMS 0x0000000083400000, 0x0000000083400000| Untracked 
|  24|0x0000000083400000, 0x0000000083500000, 0x0000000083500000|100%| O|  |TAMS 0x0000000083500000, 0x0000000083500000| Untracked 
|  25|0x0000000083500000, 0x0000000083600000, 0x0000000083600000|100%| O|  |TAMS 0x0000000083600000, 0x0000000083600000| Untracked 
|  26|0x0000000083600000, 0x0000000083700000, 0x0000000083700000|100%| O|  |TAMS 0x0000000083700000, 0x0000000083700000| Untracked 
|  27|0x0000000083700000, 0x0000000083800000, 0x0000000083800000|100%| O|  |TAMS 0x0000000083800000, 0x0000000083800000| Untracked 
|  28|0x0000000083800000, 0x0000000083900000, 0x0000000083900000|100%| O|  |TAMS 0x0000000083900000, 0x0000000083900000| Untracked 
|  29|0x0000000083900000, 0x0000000083a00000, 0x0000000083a00000|100%| O|  |TAMS 0x0000000083a00000, 0x0000000083a00000| Untracked 
|  30|0x0000000083a00000, 0x0000000083b00000, 0x0000000083b00000|100%| O|  |TAMS 0x0000000083b00000, 0x0000000083b00000| Untracked 
|  31|0x0000000083b00000, 0x0000000083c00000, 0x0000000083c00000|100%| O|  |TAMS 0x0000000083c00000, 0x0000000083c00000| Untracked 
|  32|0x0000000083c00000, 0x0000000083d00000, 0x0000000083d00000|100%| O|  |TAMS 0x0000000083d00000, 0x0000000083d00000| Untracked 
|  33|0x0000000083d00000, 0x0000000083e00000, 0x0000000083e00000|100%| O|  |TAMS 0x0000000083e00000, 0x0000000083e00000| Untracked 
|  34|0x0000000083e00000, 0x0000000083f00000, 0x0000000083f00000|100%| O|  |TAMS 0x0000000083f00000, 0x0000000083f00000| Untracked 
|  35|0x0000000083f00000, 0x0000000084000000, 0x0000000084000000|100%| O|  |TAMS 0x0000000084000000, 0x0000000084000000| Untracked 
|  36|0x0000000084000000, 0x0000000084100000, 0x0000000084100000|100%| O|  |TAMS 0x0000000084100000, 0x0000000084100000| Untracked 
|  37|0x0000000084100000, 0x0000000084200000, 0x0000000084200000|100%| O|  |TAMS 0x0000000084200000, 0x0000000084200000| Untracked 
|  38|0x0000000084200000, 0x0000000084300000, 0x0000000084300000|100%| O|  |TAMS 0x0000000084300000, 0x0000000084300000| Untracked 
|  39|0x0000000084300000, 0x0000000084400000, 0x0000000084400000|100%| O|  |TAMS 0x0000000084400000, 0x0000000084400000| Untracked 
|  40|0x0000000084400000, 0x0000000084500000, 0x0000000084500000|100%| O|  |TAMS 0x0000000084500000, 0x0000000084500000| Untracked 
|  41|0x0000000084500000, 0x0000000084600000, 0x0000000084600000|100%| O|  |TAMS 0x0000000084600000, 0x0000000084600000| Untracked 
|  42|0x0000000084600000, 0x0000000084700000, 0x0000000084700000|100%| O|  |TAMS 0x0000000084700000, 0x0000000084700000| Untracked 
|  43|0x0000000084700000, 0x0000000084800000, 0x0000000084800000|100%| O|  |TAMS 0x0000000084800000, 0x0000000084800000| Untracked 
|  44|0x0000000084800000, 0x0000000084900000, 0x0000000084900000|100%| O|  |TAMS 0x0000000084900000, 0x0000000084900000| Untracked 
|  45|0x0000000084900000, 0x0000000084a00000, 0x0000000084a00000|100%| O|  |TAMS 0x0000000084a00000, 0x0000000084a00000| Untracked 
|  46|0x0000000084a00000, 0x0000000084b00000, 0x0000000084b00000|100%| O|  |TAMS 0x0000000084b00000, 0x0000000084b00000| Untracked 
|  47|0x0000000084b00000, 0x0000000084c00000, 0x0000000084c00000|100%| O|  |TAMS 0x0000000084c00000, 0x0000000084c00000| Untracked 
|  48|0x0000000084c00000, 0x0000000084d00000, 0x0000000084d00000|100%| O|  |TAMS 0x0000000084c92400, 0x0000000084d00000| Untracked 
|  49|0x0000000084d00000, 0x0000000084e00000, 0x0000000084e00000|100%| O|  |TAMS 0x0000000084d00000, 0x0000000084e00000| Untracked 
|  50|0x0000000084e00000, 0x0000000084f00000, 0x0000000084f00000|100%| O|  |TAMS 0x0000000084e00000, 0x0000000084f00000| Untracked 
|  51|0x0000000084f00000, 0x0000000085000000, 0x0000000085000000|100%| O|  |TAMS 0x0000000084f00000, 0x0000000085000000| Untracked 
|  52|0x0000000085000000, 0x0000000085100000, 0x0000000085100000|100%| O|  |TAMS 0x0000000085000000, 0x0000000085100000| Untracked 
|  53|0x0000000085100000, 0x00000000851c0a00, 0x0000000085200000| 75%| O|  |TAMS 0x0000000085100000, 0x00000000851c0a00| Untracked 
|  54|0x0000000085200000, 0x0000000085200000, 0x0000000085300000|  0%| F|  |TAMS 0x0000000085200000, 0x0000000085200000| Untracked 
|  55|0x0000000085300000, 0x0000000085300000, 0x0000000085400000|  0%| F|  |TAMS 0x0000000085300000, 0x0000000085300000| Untracked 
|  56|0x0000000085400000, 0x0000000085400000, 0x0000000085500000|  0%| F|  |TAMS 0x0000000085400000, 0x0000000085400000| Untracked 
|  57|0x0000000085500000, 0x0000000085500000, 0x0000000085600000|  0%| F|  |TAMS 0x0000000085500000, 0x0000000085500000| Untracked 
|  58|0x0000000085600000, 0x0000000085600000, 0x0000000085700000|  0%| F|  |TAMS 0x0000000085600000, 0x0000000085600000| Untracked 
|  59|0x0000000085700000, 0x0000000085700000, 0x0000000085800000|  0%| F|  |TAMS 0x0000000085700000, 0x0000000085700000| Untracked 
|  60|0x0000000085800000, 0x0000000085800000, 0x0000000085900000|  0%| F|  |TAMS 0x0000000085800000, 0x0000000085800000| Untracked 
|  61|0x0000000085900000, 0x0000000085900000, 0x0000000085a00000|  0%| F|  |TAMS 0x0000000085900000, 0x0000000085900000| Untracked 
|  62|0x0000000085a00000, 0x0000000085a00000, 0x0000000085b00000|  0%| F|  |TAMS 0x0000000085a00000, 0x0000000085a00000| Untracked 
|  63|0x0000000085b00000, 0x0000000085b00000, 0x0000000085c00000|  0%| F|  |TAMS 0x0000000085b00000, 0x0000000085b00000| Untracked 
|  64|0x0000000085c00000, 0x0000000085c00000, 0x0000000085d00000|  0%| F|  |TAMS 0x0000000085c00000, 0x0000000085c00000| Untracked 
|  65|0x0000000085d00000, 0x0000000085d00000, 0x0000000085e00000|  0%| F|  |TAMS 0x0000000085d00000, 0x0000000085d00000| Untracked 
|  66|0x0000000085e00000, 0x0000000085e00000, 0x0000000085f00000|  0%| F|  |TAMS 0x0000000085e00000, 0x0000000085e00000| Untracked 
|  67|0x0000000085f00000, 0x0000000085f00000, 0x0000000086000000|  0%| F|  |TAMS 0x0000000085f00000, 0x0000000085f00000| Untracked 
|  68|0x0000000086000000, 0x0000000086000000, 0x0000000086100000|  0%| F|  |TAMS 0x0000000086000000, 0x0000000086000000| Untracked 
|  69|0x0000000086100000, 0x0000000086100000, 0x0000000086200000|  0%| F|  |TAMS 0x0000000086100000, 0x0000000086100000| Untracked 
|  70|0x0000000086200000, 0x0000000086200000, 0x0000000086300000|  0%| F|  |TAMS 0x0000000086200000, 0x0000000086200000| Untracked 
|  71|0x0000000086300000, 0x0000000086300000, 0x0000000086400000|  0%| F|  |TAMS 0x0000000086300000, 0x0000000086300000| Untracked 
|  72|0x0000000086400000, 0x0000000086400000, 0x0000000086500000|  0%| F|  |TAMS 0x0000000086400000, 0x0000000086400000| Untracked 
|  73|0x0000000086500000, 0x0000000086552cd8, 0x0000000086600000| 32%| S|CS|TAMS 0x0000000086500000, 0x0000000086500000| Complete 
|  74|0x0000000086600000, 0x0000000086700000, 0x0000000086700000|100%| S|CS|TAMS 0x0000000086600000, 0x0000000086600000| Complete 
|  75|0x0000000086700000, 0x0000000086800000, 0x0000000086800000|100%| S|CS|TAMS 0x0000000086700000, 0x0000000086700000| Complete 
|  76|0x0000000086800000, 0x0000000086800000, 0x0000000086900000|  0%| F|  |TAMS 0x0000000086800000, 0x0000000086800000| Untracked 
|  77|0x0000000086900000, 0x0000000086900000, 0x0000000086a00000|  0%| F|  |TAMS 0x0000000086900000, 0x0000000086900000| Untracked 
|  78|0x0000000086a00000, 0x0000000086a00000, 0x0000000086b00000|  0%| F|  |TAMS 0x0000000086a00000, 0x0000000086a00000| Untracked 
|  79|0x0000000086b00000, 0x0000000086b00000, 0x0000000086c00000|  0%| F|  |TAMS 0x0000000086b00000, 0x0000000086b00000| Untracked 
|  80|0x0000000086c00000, 0x0000000086c00000, 0x0000000086d00000|  0%| F|  |TAMS 0x0000000086c00000, 0x0000000086c00000| Untracked 
|  81|0x0000000086d00000, 0x0000000086d00000, 0x0000000086e00000|  0%| F|  |TAMS 0x0000000086d00000, 0x0000000086d00000| Untracked 
|  82|0x0000000086e00000, 0x0000000086e00000, 0x0000000086f00000|  0%| F|  |TAMS 0x0000000086e00000, 0x0000000086e00000| Untracked 
|  83|0x0000000086f00000, 0x0000000086f00000, 0x0000000087000000|  0%| F|  |TAMS 0x0000000086f00000, 0x0000000086f00000| Untracked 
|  84|0x0000000087000000, 0x0000000087000000, 0x0000000087100000|  0%| F|  |TAMS 0x0000000087000000, 0x0000000087000000| Untracked 
|  85|0x0000000087100000, 0x0000000087100000, 0x0000000087200000|  0%| F|  |TAMS 0x0000000087100000, 0x0000000087100000| Untracked 
|  86|0x0000000087200000, 0x0000000087200000, 0x0000000087300000|  0%| F|  |TAMS 0x0000000087200000, 0x0000000087200000| Untracked 
|  87|0x0000000087300000, 0x0000000087300000, 0x0000000087400000|  0%| F|  |TAMS 0x0000000087300000, 0x0000000087300000| Untracked 
|  88|0x0000000087400000, 0x0000000087400000, 0x0000000087500000|  0%| F|  |TAMS 0x0000000087400000, 0x0000000087400000| Untracked 
|  89|0x0000000087500000, 0x0000000087500000, 0x0000000087600000|  0%| F|  |TAMS 0x0000000087500000, 0x0000000087500000| Untracked 
|  90|0x0000000087600000, 0x0000000087600000, 0x0000000087700000|  0%| F|  |TAMS 0x0000000087600000, 0x0000000087600000| Untracked 
|  91|0x0000000087700000, 0x0000000087700000, 0x0000000087800000|  0%| F|  |TAMS 0x0000000087700000, 0x0000000087700000| Untracked 
|  92|0x0000000087800000, 0x0000000087800000, 0x0000000087900000|  0%| F|  |TAMS 0x0000000087800000, 0x0000000087800000| Untracked 
|  93|0x0000000087900000, 0x0000000087900000, 0x0000000087a00000|  0%| F|  |TAMS 0x0000000087900000, 0x0000000087900000| Untracked 
|  94|0x0000000087a00000, 0x0000000087a00000, 0x0000000087b00000|  0%| F|  |TAMS 0x0000000087a00000, 0x0000000087a00000| Untracked 
|  95|0x0000000087b00000, 0x0000000087b00000, 0x0000000087c00000|  0%| F|  |TAMS 0x0000000087b00000, 0x0000000087b00000| Untracked 
|  96|0x0000000087c00000, 0x0000000087c00000, 0x0000000087d00000|  0%| F|  |TAMS 0x0000000087c00000, 0x0000000087c00000| Untracked 
|  97|0x0000000087d00000, 0x0000000087d00000, 0x0000000087e00000|  0%| F|  |TAMS 0x0000000087d00000, 0x0000000087d00000| Untracked 
|  98|0x0000000087e00000, 0x0000000087e00000, 0x0000000087f00000|  0%| F|  |TAMS 0x0000000087e00000, 0x0000000087e00000| Untracked 
|  99|0x0000000087f00000, 0x0000000087f00000, 0x0000000088000000|  0%| F|  |TAMS 0x0000000087f00000, 0x0000000087f00000| Untracked 
| 100|0x0000000088000000, 0x0000000088000000, 0x0000000088100000|  0%| F|  |TAMS 0x0000000088000000, 0x0000000088000000| Untracked 
| 101|0x0000000088100000, 0x0000000088100000, 0x0000000088200000|  0%| F|  |TAMS 0x0000000088100000, 0x0000000088100000| Untracked 
| 102|0x0000000088200000, 0x0000000088200000, 0x0000000088300000|  0%| F|  |TAMS 0x0000000088200000, 0x0000000088200000| Untracked 
| 103|0x0000000088300000, 0x0000000088300000, 0x0000000088400000|  0%| F|  |TAMS 0x0000000088300000, 0x0000000088300000| Untracked 
| 104|0x0000000088400000, 0x0000000088400000, 0x0000000088500000|  0%| F|  |TAMS 0x0000000088400000, 0x0000000088400000| Untracked 
| 105|0x0000000088500000, 0x0000000088500000, 0x0000000088600000|  0%| F|  |TAMS 0x0000000088500000, 0x0000000088500000| Untracked 
| 106|0x0000000088600000, 0x0000000088600000, 0x0000000088700000|  0%| F|  |TAMS 0x0000000088600000, 0x0000000088600000| Untracked 
| 107|0x0000000088700000, 0x0000000088700000, 0x0000000088800000|  0%| F|  |TAMS 0x0000000088700000, 0x0000000088700000| Untracked 
| 108|0x0000000088800000, 0x0000000088800000, 0x0000000088900000|  0%| F|  |TAMS 0x0000000088800000, 0x0000000088800000| Untracked 
| 109|0x0000000088900000, 0x0000000088900000, 0x0000000088a00000|  0%| F|  |TAMS 0x0000000088900000, 0x0000000088900000| Untracked 
| 110|0x0000000088a00000, 0x0000000088a00000, 0x0000000088b00000|  0%| F|  |TAMS 0x0000000088a00000, 0x0000000088a00000| Untracked 
| 111|0x0000000088b00000, 0x0000000088b00000, 0x0000000088c00000|  0%| F|  |TAMS 0x0000000088b00000, 0x0000000088b00000| Untracked 
| 112|0x0000000088c00000, 0x0000000088c00000, 0x0000000088d00000|  0%| F|  |TAMS 0x0000000088c00000, 0x0000000088c00000| Untracked 
| 113|0x0000000088d00000, 0x0000000088d00000, 0x0000000088e00000|  0%| F|  |TAMS 0x0000000088d00000, 0x0000000088d00000| Untracked 
| 114|0x0000000088e00000, 0x0000000088e00000, 0x0000000088f00000|  0%| F|  |TAMS 0x0000000088e00000, 0x0000000088e00000| Untracked 
| 115|0x0000000088f00000, 0x0000000088f00000, 0x0000000089000000|  0%| F|  |TAMS 0x0000000088f00000, 0x0000000088f00000| Untracked 
| 116|0x0000000089000000, 0x0000000089000000, 0x0000000089100000|  0%| F|  |TAMS 0x0000000089000000, 0x0000000089000000| Untracked 
| 117|0x0000000089100000, 0x0000000089100000, 0x0000000089200000|  0%| F|  |TAMS 0x0000000089100000, 0x0000000089100000| Untracked 
| 118|0x0000000089200000, 0x0000000089200000, 0x0000000089300000|  0%| F|  |TAMS 0x0000000089200000, 0x0000000089200000| Untracked 
| 119|0x0000000089300000, 0x0000000089300000, 0x0000000089400000|  0%| F|  |TAMS 0x0000000089300000, 0x0000000089300000| Untracked 
| 120|0x0000000089400000, 0x0000000089400000, 0x0000000089500000|  0%| F|  |TAMS 0x0000000089400000, 0x0000000089400000| Untracked 
| 121|0x0000000089500000, 0x0000000089500000, 0x0000000089600000|  0%| F|  |TAMS 0x0000000089500000, 0x0000000089500000| Untracked 
| 122|0x0000000089600000, 0x0000000089600000, 0x0000000089700000|  0%| F|  |TAMS 0x0000000089600000, 0x0000000089600000| Untracked 
| 123|0x0000000089700000, 0x0000000089700000, 0x0000000089800000|  0%| F|  |TAMS 0x0000000089700000, 0x0000000089700000| Untracked 
| 124|0x0000000089800000, 0x0000000089800000, 0x0000000089900000|  0%| F|  |TAMS 0x0000000089800000, 0x0000000089800000| Untracked 
| 125|0x0000000089900000, 0x0000000089900000, 0x0000000089a00000|  0%| F|  |TAMS 0x0000000089900000, 0x0000000089900000| Untracked 
| 126|0x0000000089a00000, 0x0000000089a00000, 0x0000000089b00000|  0%| F|  |TAMS 0x0000000089a00000, 0x0000000089a00000| Untracked 
| 127|0x0000000089b00000, 0x0000000089b00000, 0x0000000089c00000|  0%| F|  |TAMS 0x0000000089b00000, 0x0000000089b00000| Untracked 
| 128|0x0000000089c00000, 0x0000000089c00000, 0x0000000089d00000|  0%| F|  |TAMS 0x0000000089c00000, 0x0000000089c00000| Untracked 
| 129|0x0000000089d00000, 0x0000000089d00000, 0x0000000089e00000|  0%| F|  |TAMS 0x0000000089d00000, 0x0000000089d00000| Untracked 
| 130|0x0000000089e00000, 0x0000000089e00000, 0x0000000089f00000|  0%| F|  |TAMS 0x0000000089e00000, 0x0000000089e00000| Untracked 
| 131|0x0000000089f00000, 0x0000000089f00000, 0x000000008a000000|  0%| F|  |TAMS 0x0000000089f00000, 0x0000000089f00000| Untracked 
| 132|0x000000008a000000, 0x000000008a000000, 0x000000008a100000|  0%| F|  |TAMS 0x000000008a000000, 0x000000008a000000| Untracked 
| 133|0x000000008a100000, 0x000000008a100000, 0x000000008a200000|  0%| F|  |TAMS 0x000000008a100000, 0x000000008a100000| Untracked 
| 134|0x000000008a200000, 0x000000008a200000, 0x000000008a300000|  0%| F|  |TAMS 0x000000008a200000, 0x000000008a200000| Untracked 
| 135|0x000000008a300000, 0x000000008a300000, 0x000000008a400000|  0%| F|  |TAMS 0x000000008a300000, 0x000000008a300000| Untracked 
| 136|0x000000008a400000, 0x000000008a400000, 0x000000008a500000|  0%| F|  |TAMS 0x000000008a400000, 0x000000008a400000| Untracked 
| 137|0x000000008a500000, 0x000000008a500000, 0x000000008a600000|  0%| F|  |TAMS 0x000000008a500000, 0x000000008a500000| Untracked 
| 138|0x000000008a600000, 0x000000008a600000, 0x000000008a700000|  0%| F|  |TAMS 0x000000008a600000, 0x000000008a600000| Untracked 
| 139|0x000000008a700000, 0x000000008a700000, 0x000000008a800000|  0%| F|  |TAMS 0x000000008a700000, 0x000000008a700000| Untracked 
| 140|0x000000008a800000, 0x000000008a800000, 0x000000008a900000|  0%| F|  |TAMS 0x000000008a800000, 0x000000008a800000| Untracked 
| 141|0x000000008a900000, 0x000000008a900000, 0x000000008aa00000|  0%| F|  |TAMS 0x000000008a900000, 0x000000008a900000| Untracked 
| 142|0x000000008aa00000, 0x000000008aa00000, 0x000000008ab00000|  0%| F|  |TAMS 0x000000008aa00000, 0x000000008aa00000| Untracked 
| 143|0x000000008ab00000, 0x000000008ab00000, 0x000000008ac00000|  0%| F|  |TAMS 0x000000008ab00000, 0x000000008ab00000| Untracked 
| 144|0x000000008ac00000, 0x000000008ac00000, 0x000000008ad00000|  0%| F|  |TAMS 0x000000008ac00000, 0x000000008ac00000| Untracked 
| 145|0x000000008ad00000, 0x000000008ad00000, 0x000000008ae00000|  0%| F|  |TAMS 0x000000008ad00000, 0x000000008ad00000| Untracked 
| 146|0x000000008ae00000, 0x000000008ae00000, 0x000000008af00000|  0%| F|  |TAMS 0x000000008ae00000, 0x000000008ae00000| Untracked 
| 147|0x000000008af00000, 0x000000008af00000, 0x000000008b000000|  0%| F|  |TAMS 0x000000008af00000, 0x000000008af00000| Untracked 
| 148|0x000000008b000000, 0x000000008b000000, 0x000000008b100000|  0%| F|  |TAMS 0x000000008b000000, 0x000000008b000000| Untracked 

Card table byte_map: [0x00000188e7f90000,0x00000188e8390000] _byte_map_base: 0x00000188e7b82000

Marking Bits (Prev, Next): (CMBitMap*) 0x00000188df8cd860, (CMBitMap*) 0x00000188df8cd820
 Prev Bits: [0x00000188ea720000, 0x00000188ec6b0000)
 Next Bits: [0x00000188e8790000, 0x00000188ea720000)

Polling page: 0x00000188df930000

Metaspace:

Usage:
  Non-class:     67.01 MB used.
      Class:     10.67 MB used.
       Both:     77.68 MB used.

Virtual space:
  Non-class space:       72.00 MB reserved,      67.31 MB ( 93%) committed,  9 nodes.
      Class space:        1.00 GB reserved,      10.88 MB (  1%) committed,  1 nodes.
             Both:        1.07 GB reserved,      78.19 MB (  7%) committed. 

Chunk freelists:
   Non-Class:  3.78 MB
       Class:  1.06 MB
        Both:  4.84 MB

MaxMetaspaceSize: unlimited
CompressedClassSpaceSize: 1.00 GB
Initial GC threshold: 21.00 MB
Current GC threshold: 126.38 MB
CDS: off
MetaspaceReclaimPolicy: balanced
 - commit_granule_bytes: 65536.
 - commit_granule_words: 8192.
 - virtual_space_node_default_size: 1048576.
 - enlarge_chunks_in_place: 1.
 - new_chunks_are_fully_committed: 0.
 - uncommit_free_chunks: 1.
 - use_allocation_guard: 0.
 - handle_deallocations: 1.


Internal statistics:

num_allocs_failed_limit: 6.
num_arena_births: 726.
num_arena_deaths: 0.
num_vsnodes_births: 10.
num_vsnodes_deaths: 0.
num_space_committed: 1251.
num_space_uncommitted: 0.
num_chunks_returned_to_freelist: 6.
num_chunks_taken_from_freelist: 3408.
num_chunk_merges: 6.
num_chunk_splits: 2344.
num_chunks_enlarged: 1743.
num_purges: 0.
num_inconsistent_stats: 0.

CodeCache: size=49152Kb used=12951Kb max_used=12951Kb free=36200Kb
 bounds [0x00000188e4750000, 0x00000188e5400000, 0x00000188e7750000]
 total_blobs=7510 nmethods=6856 adapters=580
 compilation: enabled
              stopped_count=0, restarted_count=0
 full_count=0

Compilation events (20 events):
Event: 39.200 Thread 0x00000188eed018b0 7010       1       org.h2.message.Trace::isEnabled (33 bytes)
Event: 39.200 Thread 0x00000188efa39790 7011       1       org.h2.message.TraceSystem::isEnabled (33 bytes)
Event: 39.201 Thread 0x00000188eed018b0 nmethod 7010 0x00000188e53ee290 code [0x00000188e53ee440, 0x00000188e53ee608]
Event: 39.201 Thread 0x00000188efa39790 nmethod 7011 0x00000188e53ee710 code [0x00000188e53ee8c0, 0x00000188e53eea88]
Event: 39.233 Thread 0x00000188eed018b0 7012       1       java.lang.String::repeat (190 bytes)
Event: 39.235 Thread 0x00000188eed018b0 nmethod 7012 0x00000188e53eeb90 code [0x00000188e53eee00, 0x00000188e53ef838]
Event: 39.249 Thread 0x00000188eed018b0 7013       1       sun.reflect.generics.parser.SignatureParser::parseFormalTypeParameters (119 bytes)
Event: 39.250 Thread 0x00000188eed018b0 nmethod 7013 0x00000188e53efc10 code [0x00000188e53efec0, 0x00000188e53f0838]
Event: 39.317 Thread 0x00000188eed018b0 7014       1       org.springframework.beans.support.ResourceEditorRegistrar::registerCustomEditors (221 bytes)
Event: 39.317 Thread 0x00000188efa39790 7015       1       org.springframework.beans.propertyeditors.ReaderEditor::<init> (16 bytes)
Event: 39.317 Thread 0x00000188efa39790 nmethod 7015 0x00000188e53f0e10 code [0x00000188e53f0fc0, 0x00000188e53f11e8]
Event: 39.317 Thread 0x00000188efa39790 7016       1       org.springframework.beans.propertyeditors.URLEditor::<init> (16 bytes)
Event: 39.318 Thread 0x00000188efa39790 nmethod 7016 0x00000188e53f1290 code [0x00000188e53f1440, 0x00000188e53f1668]
Event: 39.318 Thread 0x00000188efa39790 7017       1       org.springframework.beans.propertyeditors.URIEditor::<init> (7 bytes)
Event: 39.318 Thread 0x00000188efa39790 nmethod 7017 0x00000188e53f1710 code [0x00000188e53f18a0, 0x00000188e53f1a48]
Event: 39.318 Thread 0x00000188efa39790 7018       1       org.springframework.beans.propertyeditors.URIEditor::<init> (25 bytes)
Event: 39.318 Thread 0x00000188efa39790 nmethod 7018 0x00000188e53f1b10 code [0x00000188e53f1ca0, 0x00000188e53f1e48]
Event: 39.318 Thread 0x00000188efa39790 7019       1       org.springframework.core.io.support.ResourceArrayPropertyEditor::<init> (8 bytes)
Event: 39.319 Thread 0x00000188efa39790 nmethod 7019 0x00000188e53f1f10 code [0x00000188e53f20c0, 0x00000188e53f2348]
Event: 39.323 Thread 0x00000188eed018b0 nmethod 7014 0x00000188e53f2410 code [0x00000188e53f2900, 0x00000188e53f51b8]

GC Heap History (20 events):
Event: 25.645 GC heap after
{Heap after GC invocations=39 (full 0):
 garbage-first heap   total 84992K, used 39839K [0x0000000081c00000, 0x0000000100000000)
  region size 1024K, 2 young (2048K), 2 survivors (2048K)
 Metaspace       used 56391K, committed 56832K, reserved 1105920K
  class space    used 7267K, committed 7488K, reserved 1048576K
}
Event: 26.201 GC heap before
{Heap before GC invocations=40 (full 0):
 garbage-first heap   total 84992K, used 70559K [0x0000000081c00000, 0x0000000100000000)
  region size 1024K, 32 young (32768K), 2 survivors (2048K)
 Metaspace       used 56823K, committed 57216K, reserved 1105920K
  class space    used 7309K, committed 7488K, reserved 1048576K
}
Event: 26.208 GC heap after
{Heap after GC invocations=41 (full 0):
 garbage-first heap   total 84992K, used 40306K [0x0000000081c00000, 0x0000000100000000)
  region size 1024K, 3 young (3072K), 3 survivors (3072K)
 Metaspace       used 56823K, committed 57216K, reserved 1105920K
  class space    used 7309K, committed 7488K, reserved 1048576K
}
Event: 26.227 GC heap before
{Heap before GC invocations=41 (full 0):
 garbage-first heap   total 84992K, used 41330K [0x0000000081c00000, 0x0000000100000000)
  region size 1024K, 4 young (4096K), 3 survivors (3072K)
 Metaspace       used 56826K, committed 57216K, reserved 1105920K
  class space    used 7310K, committed 7488K, reserved 1048576K
}
Event: 26.240 GC heap after
{Heap after GC invocations=42 (full 0):
 garbage-first heap   total 152576K, used 40065K [0x0000000081c00000, 0x0000000100000000)
  region size 1024K, 1 young (1024K), 1 survivors (1024K)
 Metaspace       used 56826K, committed 57216K, reserved 1105920K
  class space    used 7310K, committed 7488K, reserved 1048576K
}
Event: 28.313 GC heap before
{Heap before GC invocations=42 (full 0):
 garbage-first heap   total 152576K, used 129153K [0x0000000081c00000, 0x0000000100000000)
  region size 1024K, 88 young (90112K), 1 survivors (1024K)
 Metaspace       used 57946K, committed 58368K, reserved 1105920K
  class space    used 7496K, committed 7680K, reserved 1048576K
}
Event: 28.323 GC heap after
{Heap after GC invocations=43 (full 0):
 garbage-first heap   total 152576K, used 42050K [0x0000000081c00000, 0x0000000100000000)
  region size 1024K, 3 young (3072K), 3 survivors (3072K)
 Metaspace       used 57946K, committed 58368K, reserved 1105920K
  class space    used 7496K, committed 7680K, reserved 1048576K
}
Event: 32.241 GC heap before
{Heap before GC invocations=43 (full 0):
 garbage-first heap   total 152576K, used 127042K [0x0000000081c00000, 0x0000000100000000)
  region size 1024K, 86 young (88064K), 3 survivors (3072K)
 Metaspace       used 72297K, committed 72768K, reserved 1114112K
  class space    used 9811K, committed 10048K, reserved 1048576K
}
Event: 32.255 GC heap after
{Heap after GC invocations=44 (full 0):
 garbage-first heap   total 152576K, used 45882K [0x0000000081c00000, 0x0000000100000000)
  region size 1024K, 7 young (7168K), 7 survivors (7168K)
 Metaspace       used 72297K, committed 72768K, reserved 1114112K
  class space    used 9811K, committed 10048K, reserved 1048576K
}
Event: 34.216 GC heap before
{Heap before GC invocations=45 (full 0):
 garbage-first heap   total 152576K, used 126778K [0x0000000081c00000, 0x0000000100000000)
  region size 1024K, 86 young (88064K), 7 survivors (7168K)
 Metaspace       used 75739K, committed 76224K, reserved 1122304K
  class space    used 10345K, committed 10560K, reserved 1048576K
}
Event: 34.234 GC heap after
{Heap after GC invocations=46 (full 0):
 garbage-first heap   total 152576K, used 49745K [0x0000000081c00000, 0x0000000100000000)
  region size 1024K, 8 young (8192K), 8 survivors (8192K)
 Metaspace       used 75739K, committed 76224K, reserved 1122304K
  class space    used 10345K, committed 10560K, reserved 1048576K
}
Event: 34.249 GC heap before
{Heap before GC invocations=46 (full 0):
 garbage-first heap   total 152576K, used 50769K [0x0000000081c00000, 0x0000000100000000)
  region size 1024K, 9 young (9216K), 8 survivors (8192K)
 Metaspace       used 75739K, committed 76224K, reserved 1122304K
  class space    used 10345K, committed 10560K, reserved 1048576K
}
Event: 34.283 GC heap after
{Heap after GC invocations=47 (full 0):
 garbage-first heap   total 152576K, used 49737K [0x0000000081c00000, 0x0000000100000000)
  region size 1024K, 1 young (1024K), 1 survivors (1024K)
 Metaspace       used 75739K, committed 76224K, reserved 1122304K
  class space    used 10345K, committed 10560K, reserved 1048576K
}
Event: 36.348 GC heap before
{Heap before GC invocations=47 (full 0):
 garbage-first heap   total 152576K, used 126537K [0x0000000081c00000, 0x0000000100000000)
  region size 1024K, 77 young (78848K), 1 survivors (1024K)
 Metaspace       used 77079K, committed 77632K, reserved 1122304K
  class space    used 10546K, committed 10816K, reserved 1048576K
}
Event: 36.358 GC heap after
{Heap after GC invocations=48 (full 0):
 garbage-first heap   total 152576K, used 52129K [0x0000000081c00000, 0x0000000100000000)
  region size 1024K, 4 young (4096K), 4 survivors (4096K)
 Metaspace       used 77079K, committed 77632K, reserved 1122304K
  class space    used 10546K, committed 10816K, reserved 1048576K
}
Event: 37.913 GC heap before
{Heap before GC invocations=49 (full 0):
 garbage-first heap   total 152576K, used 126881K [0x0000000081c00000, 0x0000000100000000)
  region size 1024K, 77 young (78848K), 4 survivors (4096K)
 Metaspace       used 78479K, committed 79040K, reserved 1122304K
  class space    used 10745K, committed 11008K, reserved 1048576K
}
Event: 37.928 GC heap after
{Heap after GC invocations=50 (full 0):
 garbage-first heap   total 152576K, used 54848K [0x0000000081c00000, 0x0000000100000000)
  region size 1024K, 6 young (6144K), 6 survivors (6144K)
 Metaspace       used 78479K, committed 79040K, reserved 1122304K
  class space    used 10745K, committed 11008K, reserved 1048576K
}
Event: 37.952 GC heap before
{Heap before GC invocations=50 (full 0):
 garbage-first heap   total 152576K, used 55872K [0x0000000081c00000, 0x0000000100000000)
  region size 1024K, 7 young (7168K), 6 survivors (6144K)
 Metaspace       used 78502K, committed 79040K, reserved 1122304K
  class space    used 10750K, committed 11008K, reserved 1048576K
}
Event: 37.967 GC heap after
{Heap after GC invocations=51 (full 0):
 garbage-first heap   total 152576K, used 55035K [0x0000000081c00000, 0x0000000100000000)
  region size 1024K, 1 young (1024K), 1 survivors (1024K)
 Metaspace       used 78502K, committed 79040K, reserved 1122304K
  class space    used 10750K, committed 11008K, reserved 1048576K
}
Event: 39.324 GC heap before
{Heap before GC invocations=51 (full 0):
 garbage-first heap   total 152576K, used 128763K [0x0000000081c00000, 0x0000000100000000)
  region size 1024K, 73 young (74752K), 1 survivors (1024K)
 Metaspace       used 79541K, committed 80064K, reserved 1122304K
  class space    used 10922K, committed 11136K, reserved 1048576K
}

Deoptimization events (16 events):
Event: 7.246 Thread 0x00000188f129ad50 DEOPT PACKING pc=0x00000188e4d25199 sp=0x00000045f07fc2a0
Event: 7.246 Thread 0x00000188f129ad50 DEOPT UNPACKING pc=0x00000188e47a2b43 sp=0x00000045f07fb780 mode 3
Event: 11.626 Thread 0x00000188f129ad50 DEOPT PACKING pc=0x00000188e493af94 sp=0x00000045f07fcbf0
Event: 11.626 Thread 0x00000188f129ad50 DEOPT UNPACKING pc=0x00000188e47a2b43 sp=0x00000045f07fc148 mode 0
Event: 13.465 Thread 0x00000188f129ad50 DEOPT PACKING pc=0x00000188e5010399 sp=0x00000045f07fd4e0
Event: 13.465 Thread 0x00000188f129ad50 DEOPT UNPACKING pc=0x00000188e47a2b43 sp=0x00000045f07fc9c0 mode 3
Event: 14.845 Thread 0x00000188f129ad50 DEOPT PACKING pc=0x00000188e5060a8a sp=0x00000045f07fd020
Event: 14.845 Thread 0x00000188f129ad50 DEOPT UNPACKING pc=0x00000188e47a2b43 sp=0x00000045f07fc5b8 mode 0
Event: 20.283 Thread 0x00000188f1427620 DEOPT PACKING pc=0x00000188e4bd1617 sp=0x00000045f10fed30
Event: 20.283 Thread 0x00000188f1427620 DEOPT UNPACKING pc=0x00000188e47a2b43 sp=0x00000045f10fe188 mode 3
Event: 20.939 Thread 0x00000188f129ad50 DEOPT PACKING pc=0x00000188e51c07fd sp=0x00000045f07fbbd0
Event: 20.939 Thread 0x00000188f129ad50 DEOPT UNPACKING pc=0x00000188e47a2b43 sp=0x00000045f07fb138 mode 3
Event: 24.049 Thread 0x00000188f129ad50 DEOPT PACKING pc=0x00000188e4c79142 sp=0x00000045f07f53a0
Event: 24.049 Thread 0x00000188f129ad50 DEOPT UNPACKING pc=0x00000188e47a2b43 sp=0x00000045f07f48a8 mode 3
Event: 34.956 Thread 0x00000188f129ad50 DEOPT PACKING pc=0x00000188e4cb6ac4 sp=0x00000045f07faa20
Event: 34.956 Thread 0x00000188f129ad50 DEOPT UNPACKING pc=0x00000188e47a2b43 sp=0x00000045f07f9eb8 mode 3

Classes unloaded (0 events):
No events

Classes redefined (0 events):
No events

Internal exceptions (20 events):
Event: 35.910 Thread 0x00000188f1427150 Exception <a 'java/lang/ClassNotFoundException'{0x00000000878f5fd8}: org/springframework/context/support/LiveBeansView> (0x00000000878f5fd8) 
thrown [s\src\hotspot\share\classfile\systemDictionary.cpp, line 256]
Event: 35.910 Thread 0x00000188f1427150 Exception <a 'java/lang/ClassNotFoundException'{0x00000000878f6380}: org/springframework/context/support/LiveBeansView> (0x00000000878f6380) 
thrown [s\src\hotspot\share\classfile\systemDictionary.cpp, line 256]
Event: 35.910 Thread 0x00000188f1427150 Exception <a 'java/lang/ClassNotFoundException'{0x00000000878f6740}: org/springframework/context/support/LiveBeansView> (0x00000000878f6740) 
thrown [s\src\hotspot\share\classfile\systemDictionary.cpp, line 256]
Event: 35.910 Thread 0x00000188f1427150 Exception <a 'java/lang/ClassNotFoundException'{0x00000000878f6ae8}: org/springframework/context/support/LiveBeansView> (0x00000000878f6ae8) 
thrown [s\src\hotspot\share\classfile\systemDictionary.cpp, line 256]
Event: 35.910 Thread 0x00000188f1427150 Exception <a 'java/lang/ClassNotFoundException'{0x00000000878f6ea8}: org/springframework/context/support/LiveBeansView> (0x00000000878f6ea8) 
thrown [s\src\hotspot\share\classfile\systemDictionary.cpp, line 256]
Event: 35.911 Thread 0x00000188f1427150 Exception <a 'java/lang/ClassNotFoundException'{0x00000000878f7260}: org/springframework/context/support/LiveBeansView> (0x00000000878f7260) 
thrown [s\src\hotspot\share\classfile\systemDictionary.cpp, line 256]
Event: 35.911 Thread 0x00000188f1427150 Exception <a 'java/lang/ClassNotFoundException'{0x00000000878f7610}: org/springframework/context/support/LiveBeansView> (0x00000000878f7610) 
thrown [s\src\hotspot\share\classfile\systemDictionary.cpp, line 256]
Event: 35.911 Thread 0x00000188f1427150 Exception <a 'java/lang/ClassNotFoundException'{0x00000000878f79c0}: org/springframework/context/support/LiveBeansView> (0x00000000878f79c0) 
thrown [s\src\hotspot\share\classfile\systemDictionary.cpp, line 256]
Event: 35.911 Thread 0x00000188f1427150 Exception <a 'java/lang/ClassNotFoundException'{0x00000000878f7d80}: org/springframework/context/support/LiveBeansView> (0x00000000878f7d80) 
thrown [s\src\hotspot\share\classfile\systemDictionary.cpp, line 256]
Event: 35.911 Thread 0x00000188f1427150 Exception <a 'java/lang/ClassNotFoundException'{0x00000000878f8140}: org/springframework/context/support/LiveBeansView> (0x00000000878f8140) 
thrown [s\src\hotspot\share\classfile\systemDictionary.cpp, line 256]
Event: 35.911 Thread 0x00000188f1427150 Exception <a 'java/lang/ClassNotFoundException'{0x00000000878f84e0}: org/springframework/context/support/LiveBeansView> (0x00000000878f84e0) 
thrown [s\src\hotspot\share\classfile\systemDictionary.cpp, line 256]
Event: 35.911 Thread 0x00000188f1427150 Exception <a 'java/lang/ClassNotFoundException'{0x00000000878f88a8}: org/springframework/context/support/LiveBeansView> (0x00000000878f88a8) 
thrown [s\src\hotspot\share\classfile\systemDictionary.cpp, line 256]
Event: 35.911 Thread 0x00000188f1427150 Exception <a 'java/lang/ClassNotFoundException'{0x00000000878f8c50}: org/springframework/context/support/LiveBeansView> (0x00000000878f8c50) 
thrown [s\src\hotspot\share\classfile\systemDictionary.cpp, line 256]
Event: 35.916 Thread 0x00000188f1427150 Exception <a 'java/lang/ClassNotFoundException'{0x00000000877423a8}: org/springframework/context/support/LiveBeansView> (0x00000000877423a8) 
thrown [s\src\hotspot\share\classfile\systemDictionary.cpp, line 256]
Event: 35.916 Thread 0x00000188f1427150 Exception <a 'java/lang/ClassNotFoundException'{0x0000000087742758}: org/springframework/context/support/LiveBeansView> (0x0000000087742758) 
thrown [s\src\hotspot\share\classfile\systemDictionary.cpp, line 256]
Event: 35.916 Thread 0x00000188f1427150 Exception <a 'java/lang/ClassNotFoundException'{0x0000000087742b08}: org/springframework/context/support/LiveBeansView> (0x0000000087742b08) 
thrown [s\src\hotspot\share\classfile\systemDictionary.cpp, line 256]
Event: 37.440 Thread 0x00000188f129ad50 Exception <a 'java/lang/IncompatibleClassChangeError'{0x000000008809aca8}: Found class java.lang.Object, but interface was expected> (0x000000008809aca8) 
thrown [s\src\hotspot\share\interpreter\linkResolver.cpp, line 826]
Event: 38.595 Thread 0x00000188f129ad50 Exception <a 'java/lang/NoSuchMethodError'{0x0000000088e81480}: 'int java.lang.invoke.DirectMethodHandle$Holder.invokeStatic(java.lang.Object, java.lang.Object, java.lang.Object, java.lang.Object, java.lang.Object)'> (0x0000000088e81480) 
thrown [s\src\hotspot\share\interpreter\linkResolver.cpp, line 759]
Event: 38.793 Thread 0x00000188f129ad50 Exception <a 'java/lang/ClassNotFoundException'{0x000000008858b1c0}: java/lang/ObjectCustomizer> (0x000000008858b1c0) 
thrown [s\src\hotspot\share\classfile\systemDictionary.cpp, line 256]
Event: 38.795 Thread 0x00000188f129ad50 Exception <a 'java/lang/ClassNotFoundException'{0x0000000088596330}: org/springframework/boot/actuate/autoconfigure/metrics/task/TaskExecutorMetricsAutoConfigurationCustomizer> (0x0000000088596330) 
thrown [s\src\hotspot\share\classfile\systemDictionary.cpp, line 256]

VM Operations (20 events):
Event: 36.750 Executing VM operation: HandshakeAllThreads done
Event: 37.079 Executing VM operation: HandshakeAllThreads
Event: 37.079 Executing VM operation: HandshakeAllThreads done
Event: 37.263 Executing VM operation: HandshakeAllThreads
Event: 37.263 Executing VM operation: HandshakeAllThreads done
Event: 37.264 Executing VM operation: HandshakeAllThreads
Event: 37.264 Executing VM operation: HandshakeAllThreads done
Event: 37.475 Executing VM operation: HandshakeAllThreads
Event: 37.475 Executing VM operation: HandshakeAllThreads done
Event: 37.913 Executing VM operation: G1CollectForAllocation
Event: 37.928 Executing VM operation: G1CollectForAllocation done
Event: 37.952 Executing VM operation: G1CollectForAllocation
Event: 37.967 Executing VM operation: G1CollectForAllocation done
Event: 38.369 Executing VM operation: HandshakeAllThreads
Event: 38.369 Executing VM operation: HandshakeAllThreads done
Event: 38.566 Executing VM operation: HandshakeAllThreads
Event: 38.566 Executing VM operation: HandshakeAllThreads done
Event: 38.573 Executing VM operation: HandshakeAllThreads
Event: 38.574 Executing VM operation: HandshakeAllThreads done
Event: 39.324 Executing VM operation: G1CollectForAllocation

Events (20 events):
Event: 38.566 loading class javax/management/modelmbean/ModelMBeanAttributeInfo
Event: 38.567 loading class javax/management/DescriptorAccess
Event: 38.567 loading class javax/management/DescriptorAccess done
Event: 38.567 loading class javax/management/modelmbean/ModelMBeanAttributeInfo done
Event: 38.567 loading class javax/management/modelmbean/ModelMBeanConstructorInfo
Event: 38.568 loading class javax/management/modelmbean/ModelMBeanConstructorInfo done
Event: 38.568 loading class javax/management/modelmbean/ModelMBeanNotificationInfo
Event: 38.568 loading class javax/management/modelmbean/ModelMBeanNotificationInfo done
Event: 38.569 loading class javax/management/modelmbean/ModelMBeanOperationInfo
Event: 38.569 loading class javax/management/modelmbean/ModelMBeanOperationInfo done
Event: 38.571 loading class javax/management/modelmbean/DescriptorSupport
Event: 38.572 loading class javax/management/modelmbean/DescriptorSupport done
Event: 38.793 loading class java/lang/ObjectCustomizer
Event: 38.793 loading class java/lang/ObjectCustomizer done
Event: 38.793 loading class java/lang/ObjectCustomizer
Event: 38.793 loading class java/lang/ObjectCustomizer done
Event: 38.948 loading class java/util/concurrent/atomic/AtomicLongArray
Event: 38.948 loading class java/util/concurrent/atomic/AtomicLongArray done
Event: 39.190 loading class java/math/MathContext
Event: 39.190 loading class java/math/MathContext done


Dynamic libraries:
0x00007ff71b4c0000 - 0x00007ff71b4ce000 	C:\Users\hp\Desktop\sts-4.15.3.RELEASE\plugins\org.eclipse.justj.openjdk.hotspot.jre.full.win32.x86_64_17.0.4.v20220805-1047\jre\bin\javaw.exe
0x00007ffd4f410000 - 0x00007ffd4f608000 	C:\WINDOWS\SYSTEM32\ntdll.dll
0x00007ffd11230000 - 0x00007ffd11247000 	C:\Program Files\AVAST Software\Avast\aswhook.dll
0x00007ffd4e190000 - 0x00007ffd4e24d000 	C:\WINDOWS\System32\KERNEL32.DLL
0x00007ffd4cba0000 - 0x00007ffd4ce6e000 	C:\WINDOWS\System32\KERNELBASE.dll
0x00007ffd4d0d0000 - 0x00007ffd4d1d0000 	C:\WINDOWS\System32\ucrtbase.dll
0x00007ffd4a200000 - 0x00007ffd4a218000 	C:\Users\hp\Desktop\sts-4.15.3.RELEASE\plugins\org.eclipse.justj.openjdk.hotspot.jre.full.win32.x86_64_17.0.4.v20220805-1047\jre\bin\jli.dll
0x00007ffd4f230000 - 0x00007ffd4f3d0000 	C:\WINDOWS\System32\USER32.dll
0x00007ffd4d1d0000 - 0x00007ffd4d1f2000 	C:\WINDOWS\System32\win32u.dll
0x00007ffd4f120000 - 0x00007ffd4f14a000 	C:\WINDOWS\System32\GDI32.dll
0x00007ffd4d200000 - 0x00007ffd4d30b000 	C:\WINDOWS\System32\gdi32full.dll
0x00007ffd4d000000 - 0x00007ffd4d09d000 	C:\WINDOWS\System32\msvcp_win.dll
0x00007ffd45360000 - 0x00007ffd45379000 	C:\Users\hp\Desktop\sts-4.15.3.RELEASE\plugins\org.eclipse.justj.openjdk.hotspot.jre.full.win32.x86_64_17.0.4.v20220805-1047\jre\bin\VCRUNTIME140.dll
0x00007ffd3c250000 - 0x00007ffd3c4ea000 	C:\WINDOWS\WinSxS\amd64_microsoft.windows.common-controls_6595b64144ccf1df_6.0.19041.1110_none_60b5254171f9507e\COMCTL32.dll
0x00007ffd4e250000 - 0x00007ffd4e2ee000 	C:\WINDOWS\System32\msvcrt.dll
0x00007ffd4dcf0000 - 0x00007ffd4dd20000 	C:\WINDOWS\System32\IMM32.DLL
0x00007ffd4a320000 - 0x00007ffd4a32c000 	C:\Users\hp\Desktop\sts-4.15.3.RELEASE\plugins\org.eclipse.justj.openjdk.hotspot.jre.full.win32.x86_64_17.0.4.v20220805-1047\jre\bin\vcruntime140_1.dll
0x00007ffd2bb80000 - 0x00007ffd2bc11000 	C:\Users\hp\Desktop\sts-4.15.3.RELEASE\plugins\org.eclipse.justj.openjdk.hotspot.jre.full.win32.x86_64_17.0.4.v20220805-1047\jre\bin\msvcp140.dll
0x00007ffcf9a70000 - 0x00007ffcfa6b6000 	C:\Users\hp\Desktop\sts-4.15.3.RELEASE\plugins\org.eclipse.justj.openjdk.hotspot.jre.full.win32.x86_64_17.0.4.v20220805-1047\jre\bin\server\jvm.dll
0x00007ffd4efe0000 - 0x00007ffd4f08e000 	C:\WINDOWS\System32\ADVAPI32.dll
0x00007ffd4e540000 - 0x00007ffd4e5dc000 	C:\WINDOWS\System32\sechost.dll
0x00007ffd4ed70000 - 0x00007ffd4ee95000 	C:\WINDOWS\System32\RPCRT4.dll
0x00007ffd4e5f0000 - 0x00007ffd4e5f8000 	C:\WINDOWS\System32\PSAPI.DLL
0x00007ffd3c910000 - 0x00007ffd3c919000 	C:\WINDOWS\SYSTEM32\WSOCK32.dll
0x00007ffd4e470000 - 0x00007ffd4e4db000 	C:\WINDOWS\System32\WS2_32.dll
0x00007ffd2e3a0000 - 0x00007ffd2e3c7000 	C:\WINDOWS\SYSTEM32\WINMM.dll
0x00007ffd411c0000 - 0x00007ffd411ca000 	C:\WINDOWS\SYSTEM32\VERSION.dll
0x00007ffd4a9f0000 - 0x00007ffd4aa02000 	C:\WINDOWS\SYSTEM32\kernel.appcore.dll
0x00007ffd46990000 - 0x00007ffd4699a000 	C:\Users\hp\Desktop\sts-4.15.3.RELEASE\plugins\org.eclipse.justj.openjdk.hotspot.jre.full.win32.x86_64_17.0.4.v20220805-1047\jre\bin\jimage.dll
0x00007ffd46c20000 - 0x00007ffd46e04000 	C:\WINDOWS\SYSTEM32\DBGHELP.DLL
0x00007ffd40640000 - 0x00007ffd4066c000 	C:\WINDOWS\SYSTEM32\dbgcore.DLL
0x00007ffd4ce70000 - 0x00007ffd4cef2000 	C:\WINDOWS\System32\bcryptPrimitives.dll
0x00007ffd375f0000 - 0x00007ffd37615000 	C:\Users\hp\Desktop\sts-4.15.3.RELEASE\plugins\org.eclipse.justj.openjdk.hotspot.jre.full.win32.x86_64_17.0.4.v20220805-1047\jre\bin\java.dll
0x00007ffd46870000 - 0x00007ffd46888000 	C:\Users\hp\Desktop\sts-4.15.3.RELEASE\plugins\org.eclipse.justj.openjdk.hotspot.jre.full.win32.x86_64_17.0.4.v20220805-1047\jre\bin\zip.dll
0x00007ffd4d470000 - 0x00007ffd4dbb4000 	C:\WINDOWS\System32\SHELL32.dll
0x00007ffd4abf0000 - 0x00007ffd4b384000 	C:\WINDOWS\SYSTEM32\windows.storage.dll
0x00007ffd4dd20000 - 0x00007ffd4e074000 	C:\WINDOWS\System32\combase.dll
0x00007ffd4c4b0000 - 0x00007ffd4c4e0000 	C:\WINDOWS\SYSTEM32\Wldp.dll
0x00007ffd4e2f0000 - 0x00007ffd4e39d000 	C:\WINDOWS\System32\SHCORE.dll
0x00007ffd4f150000 - 0x00007ffd4f1a5000 	C:\WINDOWS\System32\shlwapi.dll
0x00007ffd4ca70000 - 0x00007ffd4ca8f000 	C:\WINDOWS\SYSTEM32\profapi.dll
0x00007ffd45900000 - 0x00007ffd45919000 	C:\Users\hp\Desktop\sts-4.15.3.RELEASE\plugins\org.eclipse.justj.openjdk.hotspot.jre.full.win32.x86_64_17.0.4.v20220805-1047\jre\bin\net.dll
0x00007ffd420c0000 - 0x00007ffd421ca000 	C:\WINDOWS\SYSTEM32\WINHTTP.dll
0x00007ffd4c290000 - 0x00007ffd4c2fa000 	C:\WINDOWS\system32\mswsock.dll
0x00007ffd45200000 - 0x00007ffd45215000 	C:\Users\hp\Desktop\sts-4.15.3.RELEASE\plugins\org.eclipse.justj.openjdk.hotspot.jre.full.win32.x86_64_17.0.4.v20220805-1047\jre\bin\nio.dll
0x00007ffd457a0000 - 0x00007ffd457a9000 	C:\Users\hp\Desktop\sts-4.15.3.RELEASE\plugins\org.eclipse.justj.openjdk.hotspot.jre.full.win32.x86_64_17.0.4.v20220805-1047\jre\bin\management.dll
0x00007ffd456f0000 - 0x00007ffd456fb000 	C:\Users\hp\Desktop\sts-4.15.3.RELEASE\plugins\org.eclipse.justj.openjdk.hotspot.jre.full.win32.x86_64_17.0.4.v20220805-1047\jre\bin\management_ext.dll
0x00007ffd3a920000 - 0x00007ffd3a937000 	C:\WINDOWS\system32\napinsp.dll
0x00007ffd36850000 - 0x00007ffd3686b000 	C:\WINDOWS\system32\pnrpnsp.dll
0x00007ffd45d10000 - 0x00007ffd45d25000 	C:\WINDOWS\system32\wshbth.dll
0x00007ffd488d0000 - 0x00007ffd488ed000 	C:\WINDOWS\system32\NLAapi.dll
0x00007ffd4bf50000 - 0x00007ffd4bf8b000 	C:\WINDOWS\SYSTEM32\IPHLPAPI.DLL
0x00007ffd4bfa0000 - 0x00007ffd4c06a000 	C:\WINDOWS\SYSTEM32\DNSAPI.dll
0x00007ffd4e5e0000 - 0x00007ffd4e5e8000 	C:\WINDOWS\System32\NSI.dll
0x00007ffd36830000 - 0x00007ffd36842000 	C:\WINDOWS\System32\winrnr.dll
0x0000000065a70000 - 0x0000000065a96000 	C:\Program Files\Bonjour\mdnsNSP.dll
0x00007ffd411b0000 - 0x00007ffd411ba000 	C:\Windows\System32\rasadhlp.dll
0x00007ffd41dd0000 - 0x00007ffd41e50000 	C:\WINDOWS\System32\fwpuclnt.dll
0x00007ffd4d0a0000 - 0x00007ffd4d0c7000 	C:\WINDOWS\System32\bcrypt.dll
0x00007ffd4c7f0000 - 0x00007ffd4c808000 	C:\WINDOWS\SYSTEM32\CRYPTSP.dll
0x00007ffd4bbc0000 - 0x00007ffd4bbf4000 	C:\WINDOWS\system32\rsaenh.dll
0x00007ffd4ca30000 - 0x00007ffd4ca5e000 	C:\WINDOWS\SYSTEM32\USERENV.dll
0x00007ffd4c420000 - 0x00007ffd4c42c000 	C:\WINDOWS\SYSTEM32\CRYPTBASE.dll
0x00007ffd41310000 - 0x00007ffd41327000 	C:\WINDOWS\SYSTEM32\dhcpcsvc6.DLL
0x00007ffd412f0000 - 0x00007ffd4130d000 	C:\WINDOWS\SYSTEM32\dhcpcsvc.DLL
0x00007ffd46980000 - 0x00007ffd46990000 	C:\Users\hp\Desktop\sts-4.15.3.RELEASE\plugins\org.eclipse.justj.openjdk.hotspot.jre.full.win32.x86_64_17.0.4.v20220805-1047\jre\bin\verify.dll
0x00007ffd46710000 - 0x00007ffd4671e000 	C:\Users\hp\Desktop\sts-4.15.3.RELEASE\plugins\org.eclipse.justj.openjdk.hotspot.jre.full.win32.x86_64_17.0.4.v20220805-1047\jre\bin\sunmscapi.dll
0x00007ffd4d310000 - 0x00007ffd4d466000 	C:\WINDOWS\System32\CRYPT32.dll
0x00007ffd4c520000 - 0x00007ffd4c547000 	C:\WINDOWS\SYSTEM32\ncrypt.dll
0x00007ffd4c4e0000 - 0x00007ffd4c51b000 	C:\WINDOWS\SYSTEM32\NTASN1.dll

dbghelp: loaded successfully - version: 4.0.5 - missing functions: none
symbol engine: initialized successfully - sym options: 0x614 - pdb path: .;C:\Users\hp\Desktop\sts-4.15.3.RELEASE\plugins\org.eclipse.justj.openjdk.hotspot.jre.full.win32.x86_64_17.0.4.v20220805-1047\jre\bin;C:\WINDOWS\SYSTEM32;C:\Program Files\AVAST Software\Avast;C:\WINDOWS\WinSxS\amd64_microsoft.windows.common-controls_6595b64144ccf1df_6.0.19041.1110_none_60b5254171f9507e;C:\Users\hp\Desktop\sts-4.15.3.RELEASE\plugins\org.eclipse.justj.openjdk.hotspot.jre.full.win32.x86_64_17.0.4.v20220805-1047\jre\bin\server;C:\Program Files\Bonjour

VM Arguments:
jvm_args: -Dcom.sun.management.jmxremote -Dcom.sun.management.jmxremote.port=64883 -Dcom.sun.management.jmxremote.authenticate=false -Dcom.sun.management.jmxremote.ssl=false -Djava.rmi.server.hostname=localhost -Dspring.jmx.enabled=true -Dspring.application.admin.enabled=true -XX:TieredStopAtLevel=1 -Dspring.boot.project.name=crypto-trade -Dfile.encoding=UTF-8 -XX:+ShowCodeDetailsInExceptionMessages 
java_command: cryptoTrade.CryptoTradeApplication --spring.output.ansi.enabled=always
java_class_path (initial): C:\Users\hp\git\IT37-2018-Fink-Stefan\crypto-trade\target\classes;C:\Users\hp\.m2\repository\org\springframework\boot\spring-boot-starter-data-jpa\2.7.3\spring-boot-starter-data-jpa-2.7.3.jar;C:\Users\hp\.m2\repository\org\springframework\boot\spring-boot-starter-jdbc\2.7.3\spring-boot-starter-jdbc-2.7.3.jar;C:\Users\hp\.m2\repository\com\zaxxer\HikariCP\4.0.3\HikariCP-4.0.3.jar;C:\Users\hp\.m2\repository\org\springframework\spring-jdbc\5.3.22\spring-jdbc-5.3.22.jar;C:\Users\hp\.m2\repository\jakarta\transaction\jakarta.transaction-api\1.3.3\jakarta.transaction-api-1.3.3.jar;C:\Users\hp\.m2\repository\jakarta\persistence\jakarta.persistence-api\2.2.3\jakarta.persistence-api-2.2.3.jar;C:\Users\hp\.m2\repository\org\hibernate\hibernate-core\5.6.10.Final\hibernate-core-5.6.10.Final.jar;C:\Users\hp\.m2\repository\org\jboss\logging\jboss-logging\3.4.3.Final\jboss-logging-3.4.3.Final.jar;C:\Users\hp\.m2\repository\net\bytebuddy\byte-buddy\1.12.13\byte-buddy-1.12.13.jar;C:\Users\hp\.m2\repository\antlr\antlr\2.7.7\antlr-2.7.7.jar;C:\Users\hp\.m2\repository\org\jboss\jandex\2.4.2.Final\jandex-2.4.2.Final.jar;C:\Users\hp\.m2\repository\com\fasterxml\classmate\1.5.1\classmate-1.5.1.jar;C:\Users\hp\.m2\repository\org\hibernate\common\hibernate-commons-annotations\5.1.2.Final\hibernate-commons-annotations-5.1.2.Final.jar;C:\Users\hp\.m2\repository\org\glassfish\jaxb\jaxb-runtime\2.3.6\jaxb-runtime-2.3.6.jar;C:\Users\hp\.m2\repository\org\glassfish\jaxb\txw2\2.3.6\txw2-2.3.6.jar;C:\Users\hp\.m2\repository\com\sun\istack\istack-commons-runtime\3.0.12\istack-commons-runtime-3.0.12.jar;C:\Users\hp\.m2\repository\com\sun\activation\jakarta.activation\1.2.2\jakarta.activation-1.2.2.jar;C:\Users\hp\.m2\repository\org\springframework\data\spring-data-jpa\2.7.2\spring-data-jpa-2.7.2.jar;C:\Users\hp\.m2\repository\org\springframework\data\spring-data-commons\2.7.2\spring-data-commons-2.7.2.jar;C:\Users\hp\.m2\repository\org\springframework\spring-orm\5.3.22\s
Launcher Type: SUN_STANDARD

[Global flags]
     intx CICompilerCount                          = 3                                         {product} {ergonomic}
     uint ConcGCThreads                            = 1                                         {product} {ergonomic}
     uint G1ConcRefinementThreads                  = 4                                         {product} {ergonomic}
   size_t G1HeapRegionSize                         = 1048576                                   {product} {ergonomic}
    uintx GCDrainStackTargetSize                   = 64                                        {product} {ergonomic}
   size_t InitialHeapSize                          = 134217728                                 {product} {ergonomic}
     bool ManagementServer                         = true                                      {product} {command line}
   size_t MarkStackSize                            = 4194304                                   {product} {ergonomic}
   size_t MaxHeapSize                              = 2118123520                                {product} {ergonomic}
   size_t MaxNewSize                               = 1270874112                                {product} {ergonomic}
   size_t MinHeapDeltaBytes                        = 1048576                                   {product} {ergonomic}
   size_t MinHeapSize                              = 8388608                                   {product} {ergonomic}
    uintx NonProfiledCodeHeapSize                  = 0                                      {pd product} {ergonomic}
     bool ProfileInterpreter                       = false                                  {pd product} {command line}
    uintx ProfiledCodeHeapSize                     = 0                                      {pd product} {ergonomic}
     bool ShowCodeDetailsInExceptionMessages       = true                                   {manageable} {command line}
   size_t SoftMaxHeapSize                          = 2118123520                             {manageable} {ergonomic}
     intx TieredStopAtLevel                        = 1                                         {product} {command line}
     bool UseCompressedClassPointers               = true                           {product lp64_product} {ergonomic}
     bool UseCompressedOops                        = true                           {product lp64_product} {ergonomic}
     bool UseG1GC                                  = true                                      {product} {ergonomic}
     bool UseLargePagesIndividualAllocation        = false                                  {pd product} {ergonomic}

Logging:
Log output configuration:
 #0: stdout all=warning uptime,level,tags
 #1: stderr all=off uptime,level,tags

Environment Variables:
PATH=C:/Users/hp/Desktop/sts-4.15.3.RELEASE//plugins/org.eclipse.justj.openjdk.hotspot.jre.full.win32.x86_64_17.0.4.v20220805-1047/jre/bin/server;C:/Users/hp/Desktop/sts-4.15.3.RELEASE//plugins/org.eclipse.justj.openjdk.hotspot.jre.full.win32.x86_64_17.0.4.v20220805-1047/jre/bin;C:\Program Files (x86)\Common Files\Oracle\Java\javapath;C:\WINDOWS\system32;C:\WINDOWS;C:\WINDOWS\System32\Wbem;C:\WINDOWS\System32\WindowsPowerShell\v1.0\;C:\WINDOWS\System32\OpenSSH\;C:\Program Files\Microsoft SQL Server\Client SDK\ODBC\170\Tools\Binn\;C:\Program Files (x86)\Microsoft SQL Server\150\Tools\Binn\;C:\Program Files\Microsoft SQL Server\150\Tools\Binn\;C:\Program Files\Microsoft SQL Server\150\DTS\Binn\;C:\Program Files (x86)\Microsoft SQL Server\150\DTS\Binn\;C:\Program Files\dotnet\;C:\Program Files\Microsoft SQL Server\130\Tools\Binn\;C:\Program Files (x86)\Windows Kits\8.1\Windows Performance Toolkit\;C:\Program Files (x86)\Microsoft SQL Server\110\DTS\Binn\;C:\Program Files (x86)\Microsoft SQL Server\120\DTS\Binn\;C:\Program Files (x86)\Microsoft SQL Server\130\DTS\Binn\;C:\Program Files (x86)\Microsoft SQL Server\140\DTS\Binn\;C:\Program Files\nodejs\;C:\Program Files\Git\cmd;C:\Program Files\Git\bin\;C:\Users\hp\AppData\Local\Microsoft\WindowsApps;C:\Users\hp\AppData\Roaming\npm\node_modules\@angular\cli\bin;C:\Users\hp\AppData\Roaming\npm\tsc;C:\Users\hp\AppData\Roaming\npm\node_modules\typescript\bin\tsc;C:\Users\hp\AppData\Roaming\npm\tsserver;C:\Users\hp\AppData\Roaming\npm\node_modules\typescript\bin\tsserver;C:\Program Files\heroku\bin;C:\Users\hp\AppData\Roaming\npm;C:\Users\hp\AppData\Local\Programs\Microsoft VS Code\bin;C:\Users\hp\AppData\Local\GitHubDesktop\bin;C:\Users\hp\.dotnet\tools;C:\Users\hp\Desktop\sts-4.15.3.RELEASE;
USERNAME=Stefan
OS=Windows_NT
PROCESSOR_IDENTIFIER=Intel64 Family 6 Model 69 Stepping 1, GenuineIntel
TMP=C:\Users\hp\AppData\Local\Temp
TEMP=C:\Users\hp\AppData\Local\Temp



---------------  S Y S T E M  ---------------

OS:
 Windows 10 , 64 bit Build 19041 (10.0.19041.1889)
OS uptime: 2 days 2:33 hours
Hyper-V role detected

CPU: total 4 (initial active 4) (2 cores per cpu, 2 threads per core) family 6 model 69 stepping 1 microcode 0x25, cx8, cmov, fxsr, ht, mmx, sse, sse2, sse3, ssse3, sse4.1, sse4.2, popcnt, lzcnt, tsc, tscinvbit, avx, avx2, aes, erms, clmul, bmi1, bmi2, fma, vzeroupper, clflush, hv

Memory: 4k page, system-wide physical 8073M (521M free)
TotalPageFile size 11583M (AvailPageFile size 210M)
current process WorkingSet (physical memory assigned to process): 318M, peak: 318M
current process commit charge ("private bytes"): 345M, peak: 643M

vm_info: OpenJDK 64-Bit Server VM (17.0.4+8) for windows-amd64 JRE (17.0.4+8), built on Jul 19 2022 16:05:16 by "temurin" with MS VC++ 16.7 (VS2019)

END.
